20250323	08:27:45	0277a5bd-cc4b-4fa5-a3ce-a545580cf3af	Error! unauthorized access
20250323	08:27:46	7cb3b7b9-4279-44ad-ab2f-7bad7f001994	Error! unauthorized access
20250323	08:29:10	44b2a01c-d770-47bf-b3ba-2fa57197327d	Error! unauthorized access
20250323	08:29:10	fe1c7bda-46d1-481a-88b8-9de7c91773c4	Error! unauthorized access
20250323	08:30:06	cd287f53-80ca-48ef-bbf3-0d5c7b1f5f44	Error! unauthorized access
20250323	08:30:07	e34251a8-2043-402b-a475-dde75389e7c6	Error! unauthorized access
20250323	08:30:07	cceba9ff-7dd2-470a-983e-0b4feab9a255	Error! unauthorized access
20250323	08:40:28	0d7b2974-ae8f-4a5e-8422-b0dcfbfbdae2	allowedOrigins is not defined
20250323	08:40:28	b6c98247-9659-434d-b26f-9ce69cc6bcb8	allowedOrigins is not defined
20250323	08:40:28	529ea4f4-8ab3-452d-80d2-e36969dd7372	allowedOrigins is not defined
20250323	08:40:42	2dcf364e-b8db-44aa-a12f-93337d7f2a8a	allowedOrigins is not defined
20250323	08:40:42	a242882d-4988-48fd-9cd8-33c120854dc1	allowedOrigins is not defined
20250323	08:40:42	c1480e63-c817-4ec9-8dc9-af76c2f6a39c	allowedOrigins is not defined
20250323	08:41:23	d57c75f2-2dd3-401f-ba5b-075df59ee155	allowedOrigins is not defined
20250323	08:41:23	a2645640-022e-4682-a836-6eb705b306db	allowedOrigins is not defined
20250323	08:41:23	e8d620f7-7b2c-43f9-a992-c7af0e84d577	allowedOrigins is not defined
20250323	08:41:35	86a1b8ee-eca2-4d72-afbc-6791674b8e37	allowedOrigins is not defined
20250323	08:42:21	f2a56a20-9b45-4d78-9bc8-7d29e7b13e7e	Not allowed by CORS
20250323	08:42:24	839ddee5-a4fa-46f8-a7a2-a39a82cb6dbf	Not allowed by CORS
20250323	08:42:24	92c0f6fc-5ef1-40da-85c9-4e05a8dc34df	Not allowed by CORS
20250323	08:42:24	983b4b24-a49f-4c2e-8777-25be5c4ba408	Not allowed by CORS
20250323	08:42:33	7a45a83f-7142-483f-ac0d-955a8e96be33	Not allowed by CORS
20250323	08:45:05	63281f0b-f0d1-4a18-9e7b-843890ff35c6	Not allowed by CORS
20250323	08:45:05	3656adcf-2107-437a-b505-ce1841d2e06e	Not allowed by CORS
20250323	08:45:05	082b4383-b32f-4ba0-a344-f7a869356750	Not allowed by CORS
20250323	08:45:15	58d863aa-e22c-439a-9375-b69668db366e	Not allowed by CORS
20250323	08:45:15	2c8fa4ac-6c6d-4999-b2ae-518e85f1a4c7	Not allowed by CORS
20250323	08:45:15	da545ad3-47d0-495f-bc66-85fde639f4e8	Not allowed by CORS
20250323	08:45:30	7ceda046-09e6-4408-8475-5f327a872986	Not allowed by CORS
20250323	08:45:30	df740ba9-cbd3-4896-a610-6ed4266911e9	Not allowed by CORS
20250323	08:45:30	1d0a06fa-8849-4a5d-aa93-ee283962befa	Not allowed by CORS
20250323	08:45:49	69b1353c-4da5-4b13-bb83-bb6a8095167c	Not allowed by CORS
20250323	08:47:13	690fdc34-f4bf-40e0-89c4-faf416dff2ec	Error! unauthorized access
20250323	08:47:13	ff8230b4-d0a1-4f09-8ac1-d53ac79bc0f3	Error! unauthorized access
20250323	08:47:14	7f9b3d5a-fa2d-47b9-97f2-7f5268d42845	Error! unauthorized access
20250323	09:14:09	aa223d9c-2b14-4724-ac3d-77fbed1d146f	Error! unauthorized access
20250323	09:14:09	e446f3fc-0af6-4ef7-b089-924af7a19c3c	Error! unauthorized access
20250323	09:14:22	301afe8e-45e4-40f6-add8-6238dd05dee2	Error! unauthorized access
20250323	09:14:22	e4f3645c-d085-4a1b-a972-877bdd5b6e64	Error! unauthorized access
20250323	09:14:26	87324296-0754-4086-9b55-009e45365e82	Error! unauthorized access
20250323	09:14:26	6cb2db70-bdec-4060-ade9-73d24c1c2746	Error! unauthorized access
20250323	09:16:29	9a36d617-579a-429e-b893-d4d23f3baaf5	Error! unauthorized access
20250323	09:16:29	10bbfe92-0baa-4b3c-a4d3-3162fb823b57	Error! unauthorized access
20250323	09:16:38	1c196587-7edf-4f66-8764-6670f3dd6871	Error! unauthorized access
20250323	09:16:38	05145e4d-bb99-4fc3-85b8-323f94b06167	Error! unauthorized access
20250323	09:16:45	928482d5-8379-4781-88bf-d76fb6c9ff69	Error! unauthorized access
20250323	09:16:45	eeef55ea-4c34-4059-86ee-69dd95a8fdc0	Error! unauthorized access
20250323	09:16:51	be7f8957-d697-49cc-a388-d4163201a976	Error! unauthorized access
20250323	09:16:51	761d39ec-5150-4311-ab5e-923569f3ee00	Error! unauthorized access
20250323	09:16:58	f3770ba2-330e-4c65-bc63-fc4c57d303fc	Error! unauthorized access
20250323	09:16:58	55314ac8-5784-48f5-8750-ae1ccc7a43c7	Error! unauthorized access
20250323	09:17:06	e9f7f842-4527-461e-8957-0c38bf111696	Error! unauthorized access
20250323	09:17:06	17696563-0371-4a8e-9053-4b64d162fd3d	Error! unauthorized access
20250323	09:17:29	57648fc1-991d-469b-8acb-9ae1a3f47151	Error! unauthorized access
20250323	09:17:30	0f5cbb20-a5b1-45c4-a532-228d1493a0ea	Error! unauthorized access
20250323	09:17:37	2980bd1c-4584-43fc-8232-8e847dd83f5d	Error! unauthorized access
20250323	09:17:37	151aea97-e259-47ee-b1f7-d812d7b2a432	Error! unauthorized access
20250323	09:25:42	0ffe6be6-f8d0-49b4-af1c-085de05137a6	data and hash arguments required
20250323	09:25:51	3814ac4e-a95d-4769-9b63-b83d5a993558	Error! unauthorized access
20250323	09:25:52	cb9f6a5c-085b-4ab0-9d7f-bb9ccc1e95fa	Error! unauthorized access
20250323	09:25:52	90330925-4be4-4853-a0d7-3d4dba446c06	Error! unauthorized access
20250323	09:31:57	c4c2166c-746e-495f-b5d4-050bffa92936	Error! unauthorized access
20250323	09:31:57	aa46d59d-dac6-4ec9-9e97-9ee604e45011	Error! unauthorized access
20250323	09:44:40	aab92a5c-cf54-4c72-b620-bb88dd2aa3bb	Error! unauthorized access
20250323	09:44:40	b5e58774-65b4-41c4-be46-9a667f69b7dd	Error! unauthorized access
20250323	09:44:46	de8ca1c0-1f29-48af-97a1-e0c61b6c9e29	Error! unauthorized access
20250323	09:44:46	aad6a765-ab7a-44de-9c66-ba973de360bf	Error! unauthorized access
20250323	09:44:53	87117c19-c25a-47ce-9786-53fcaea3180c	Error! unauthorized access
20250323	09:44:53	96d2f001-891d-4ecb-b3b7-7597e20febb2	Error! unauthorized access
20250323	09:44:57	9c7c01f7-9825-4a4c-829e-776145140a97	Error! unauthorized access
20250323	09:44:57	bf13a58c-77e5-4bd9-8a04-57833b98fc4c	Error! unauthorized access
20250323	09:45:02	536eae5f-afc7-476e-a823-09c333cc049a	Error! unauthorized access
20250323	09:45:02	d145475e-bc58-41e5-871a-4f47268ff1e1	Error! unauthorized access
20250323	09:45:16	5eb1d401-1ff4-4f00-a2ac-ac7a15ce4ce3	Error! unauthorized access
20250323	09:45:16	64bfc1c7-6a7e-4e6a-aa6f-bff26eec1c74	Error! unauthorized access
20250323	09:45:27	8a8e07cb-2628-4a08-860f-a9ef59eb5e26	Error! unauthorized access
20250323	09:45:27	ffaf1827-f692-49e5-9f5c-0081e3ad71b7	Error! unauthorized access
20250323	09:45:32	8925c88a-3c19-4bf6-917a-51286826d35a	Error! unauthorized access
20250323	09:45:32	4483398a-73da-40d2-9e6f-39dc3f02e6a2	Error! unauthorized access
20250323	09:45:35	c4a5cb22-3d04-4ead-be17-cf68ac61117f	Error! unauthorized access
20250323	09:45:35	50e43053-ccc8-47d3-b5ac-20a54665cca3	Error! unauthorized access
20250323	09:45:42	4d71fda5-12ae-444c-9f08-6c51b9542c40	Error! unauthorized access
20250323	09:45:42	dcb96247-7f2b-4fbf-a695-a8bd31005932	Error! unauthorized access
20250323	09:45:46	99aeaf6f-41ce-42e3-b390-b939b1b8089f	Error! unauthorized access
20250323	09:45:47	0213ff5c-00a6-47d9-b7ed-3105a9320ced	Error! unauthorized access
20250323	09:46:19	e26098b5-1d54-4c6a-8c40-3daa2b6273fb	Error! unauthorized access
20250323	09:46:19	b43004c1-14d3-4554-b12f-fe07b44ef16b	Error! unauthorized access
20250323	09:49:44	565a1bab-9ec0-4cbc-ac20-82e6eb48ec64	Error! unauthorized access
20250323	09:49:44	83733c53-3144-4fa3-8761-673efc6d5eff	Error! unauthorized access
20250323	09:49:52	f6ce364a-4966-4582-9f01-149408e31fc8	Error! unauthorized access
20250323	09:49:52	027d0918-d7b5-424f-a3a5-101342abedff	Error! unauthorized access
20250323	09:50:05	bdc55d14-2e76-4594-99e3-5696a3969703	Error! unauthorized access
20250323	09:50:05	a0131f0c-43da-42ae-aa95-d042c9182215	Error! unauthorized access
20250323	09:50:14	0cbc1ea1-506d-4243-a8ec-8b1e794fd837	Error! unauthorized access
20250323	09:50:14	af00331a-e2ef-44bb-9153-3ae153017faf	Error! unauthorized access
20250323	09:54:55	645d1b0f-0b7f-4a18-99b1-64da37ab4bca	Error! unauthorized access
20250323	09:54:55	355c11ba-47fd-4ed7-9a88-2ee10cd43b7b	Error! unauthorized access
20250323	09:55:01	734140fb-a248-41f6-9f91-c369d586770d	Error! unauthorized access
20250323	09:55:02	0a106c41-70c4-436b-afc1-bf90599d6f65	Error! unauthorized access
20250323	09:58:29	f3e93d06-0230-4d3e-903c-2a1e65b5dcea	Error! unauthorized access
20250323	09:58:29	16bf5aae-0523-4f89-a005-1c80104ebaae	Error! unauthorized access
20250323	09:58:34	808c2b40-1751-4ef9-90ae-77d8a217ac09	Error! unauthorized access
20250323	09:58:34	65d83984-263d-4836-a92e-5a768ff736bb	Error! unauthorized access
20250323	09:58:37	f0f01fe5-f01d-40ab-a69e-143935870b6f	Error! unauthorized access
20250323	09:58:37	1d490f3b-5c10-4354-99db-f63529d8e9ef	Error! unauthorized access
20250323	09:58:51	f3c8f636-9ccf-4375-99a9-35f6eed10a52	Error! unauthorized access
20250323	09:58:51	5cc89deb-b436-4d66-9276-5c2937db6b38	Error! unauthorized access
20250323	10:00:21	293977d6-053f-400c-b502-4f55c9c3ec77	Error! unauthorized access
20250323	10:00:21	e0d82350-8a96-4aaf-a6f6-c5b621f4a075	Error! unauthorized access
20250323	10:00:26	3515df8c-2025-4a49-b647-4fcb0d863e0f	Error! unauthorized access
20250323	10:00:26	d110d4db-c706-4820-a654-a84214d9da8f	Error! unauthorized access
20250323	10:00:32	06a1b772-fe76-4db3-a7b3-6fe33b3ea01e	Error! unauthorized access
20250323	10:00:32	d9a48314-df72-4e90-9a22-512d62a885b6	Error! unauthorized access
20250323	10:02:00	3557e10b-cfa5-4e9c-9b19-a3581a4dadfc	Error! unauthorized access
20250323	10:02:00	783651d0-6733-4b4f-a9ba-3986eb87c87f	Error! unauthorized access
20250323	10:02:10	b5b8101c-887e-4c83-88c1-a730c61a9a40	Error! unauthorized access
20250323	10:02:10	25ef00d1-8ba4-4eb8-a02a-3f1978e641f7	Error! unauthorized access
20250323	10:02:38	9f510219-c274-4d86-bae6-94c6845722be	Error! unauthorized access
20250323	10:02:38	bd601f47-9132-454a-81d3-5789b3e1174c	Error! unauthorized access
20250323	10:02:45	31587a2e-b640-4c57-83b5-b817bd65c2b0	Error! unauthorized access
20250323	10:02:45	b74115dd-ce21-48ac-9daf-e1806eaf4141	Error! unauthorized access
20250323	10:03:21	f00c7587-e465-4811-9115-ba800dc9c9fd	Error! unauthorized access
20250323	10:03:21	106a4d87-4da0-4527-8cf2-a5b69ad3cb9b	Error! unauthorized access
20250323	10:03:29	ee7e78e4-91e9-45a8-9045-376bbdcbeba9	Error! unauthorized access
20250323	10:03:29	994d2e6d-79ee-44b2-bc81-acb864982bbb	Error! unauthorized access
20250323	10:07:30	a5f87c19-d6e2-43cd-bebf-f9e15f743d28	Error! unauthorized access
20250323	10:07:30	5a445cd1-3668-4a95-b636-4bafb0064da3	Error! unauthorized access
20250323	10:08:17	61452a99-4e06-4be0-a084-511c22f46609	Error! unauthorized access
20250323	10:08:17	1ac4f086-ab6c-4b89-ab5e-89f28014f0bc	Error! unauthorized access
20250323	10:08:29	7b02dd2b-f5e0-402a-ad50-ebb7286b430f	Error! unauthorized access
20250323	10:08:29	eec24e2a-4545-43b0-91eb-d1722edc372a	Error! unauthorized access
20250323	10:08:47	72103612-4c61-4e41-83d9-5b46ef85339d	Error! unauthorized access
20250323	10:08:47	5c25a243-12fe-4c55-ad60-199bda60dffb	Error! unauthorized access
20250323	10:10:08	8399de2d-c549-490e-b780-f8debc938df1	Error! unauthorized access
20250323	10:10:09	395b2194-2887-45de-8bed-55a412d8c978	Error! unauthorized access
20250323	10:11:18	b55ef36a-c8ba-453a-a6f7-37439ac02f64	Error! unauthorized access
20250323	10:11:18	6508705e-c91a-45c1-b727-5dfdad0f62c3	Error! unauthorized access
20250323	10:11:22	9a9d3b61-1ae7-47b8-9679-6533f8748d29	Error! unauthorized access
20250323	10:11:22	e929347c-0b77-4ed2-8646-56172a51e845	Error! unauthorized access
20250323	10:11:35	0e84145c-5b90-4acb-99e2-fc2df70ca9b7	Error! unauthorized access
20250323	10:11:35	26b80273-3359-417c-b567-d34888e5be22	Error! unauthorized access
20250323	10:12:18	0735cf70-ce92-4c97-8d6e-ed169dfe5f01	Error! unauthorized access
20250323	10:12:18	2736a262-c2e6-468f-9814-2221024d53f5	Error! unauthorized access
20250323	10:12:30	935a5bc4-ded2-4551-ae35-2c6ae2a7f316	Error! unauthorized access
20250323	10:12:30	43cf176d-02bc-445b-8785-c5012a1dd56b	Error! unauthorized access
20250323	10:19:40	f03835a0-973e-4558-a4c7-71e4ff89a760	Error! unauthorized access
20250323	10:19:40	cc6937fe-c356-4721-bbf2-a3433761abe0	Error! unauthorized access
20250323	10:20:17	c9627866-26f4-43de-b63a-8c27a896c634	Error! unauthorized access
20250323	10:20:17	cac71797-bc43-4701-8ee4-e563b2946c99	Error! unauthorized access
20250323	10:20:18	0e6df1fc-46cc-4ae4-ab72-5eed659ace06	Error! unauthorized access
20250323	10:20:18	3ca8f1c2-731e-4a45-a411-c295daedc056	Error! unauthorized access
20250323	10:20:22	61a8fccd-c468-473c-ba1b-0084238a0301	Error! unauthorized access
20250323	10:20:22	5df42d12-8eef-47a8-bd19-58215e7fc885	Error! unauthorized access
20250323	10:20:30	57be0186-3cc9-4478-b943-d0031eee0118	Error! unauthorized access
20250323	10:20:30	96c82fd9-9889-4606-9c97-421ea96fc7ab	Error! unauthorized access
20250323	10:20:33	c38b3491-4e7e-4673-9e85-3af83817bb0d	Error! unauthorized access
20250323	10:20:33	f3475ecb-8e2a-4189-a2e7-978602ad32e8	Error! unauthorized access
20250323	10:20:41	2ff03aab-7452-4cb9-beb7-31cf6fbb3eef	Error! unauthorized access
20250323	10:20:42	44f02b36-eb57-451b-b4df-300fb14bc44b	Error! unauthorized access
20250323	10:28:15	ac260b4f-c981-4d5e-b672-7bba71c1b8f6	Error! unauthorized access
20250323	10:28:15	f70dfdfb-de0b-4b99-8c6e-ff399169b438	Error! unauthorized access
20250323	10:28:18	9b47a0d1-76b5-4e9a-be04-b1042e73176d	Error! unauthorized access
20250323	10:28:18	eaf38f45-5ba9-46f0-ac9d-0a1db8d0e0b8	Error! unauthorized access
20250323	10:29:08	d328fe1a-7af1-4ace-9fce-b630f29524ab	Error! unauthorized access
20250323	10:29:08	d9c67dfc-d9fc-4fd5-aa93-9830c539b495	Error! unauthorized access
20250323	10:29:09	8f81e139-7213-4a52-aea0-529bb1c1197a	Error! unauthorized access
20250323	10:29:09	3866ab15-f55b-4306-bd3d-2a4fad2da604	Error! unauthorized access
20250323	10:30:04	f9c6241c-857f-4c3c-a3cb-659ceeee3ac0	Error! unauthorized access
20250323	10:30:05	df8759b7-c7dd-4f92-aee1-0f2e5583ea29	Error! unauthorized access
20250323	10:30:08	2c022a6b-c5e5-403a-a374-f8b6c65ba0ff	Error! unauthorized access
20250323	10:30:08	86df772c-89c0-4a43-8df9-a796eb9e7d4e	Error! unauthorized access
20250323	10:30:18	a8b6c9f5-3557-4e52-a0c2-78deb363fbca	Error! unauthorized access
20250323	10:30:19	1042b0cb-8e8a-498d-abe2-b8a660c79451	Error! unauthorized access
20250323	10:30:34	e33b142f-4ee6-4bfa-b1c4-dfe4ae1b5b75	Error! unauthorized access
20250323	10:30:34	dcd61fb7-0964-4c57-91c1-3f6716d33c78	Error! unauthorized access
20250323	10:30:48	c79be946-8f80-4371-9706-f5f4f135f24b	Error! unauthorized access
20250323	10:30:48	3c88e28e-75cf-46bf-ac1e-3b1e3515305b	Error! unauthorized access
20250323	10:30:53	65686641-16dd-4b92-a27d-c306dd5166eb	Error! unauthorized access
20250323	10:30:53	a7478a08-6520-4835-a0e5-568fc962a3e2	Error! unauthorized access
20250323	10:31:05	f5e329ad-7b54-47f7-8191-6165b34c93fe	Error! unauthorized access
20250323	10:31:05	983c849f-3d36-4328-b6ee-aaf2e1449286	Error! unauthorized access
20250323	10:31:09	3bd638cb-e0ab-4848-96b8-2c982f2ae313	Error! unauthorized access
20250323	10:31:09	3d850dc0-6821-4921-b557-9b48cabfd90b	Error! unauthorized access
20250323	10:31:15	bf73789c-3e76-4d8d-bcb9-c1f23333ee42	Error! unauthorized access
20250323	10:31:15	31d6c220-f433-4063-b3bc-a250d2d50e1a	Error! unauthorized access
20250323	10:31:27	6af97bf5-6ba3-4508-8f6c-0eaa6b231c42	Error! unauthorized access
20250323	10:31:27	a10f2957-98ac-4f5d-bc93-a10fca0526fd	Error! unauthorized access
20250323	11:02:18	7d9a6836-945b-4c56-8d4c-27c6f52efdbc	Error! unauthorized access
20250323	11:02:19	7eafeeb8-01c0-4aab-9802-6bc72440369a	Error! unauthorized access
20250323	11:19:49	885c4101-a19d-4667-85af-0739bf263fc4	Error! unauthorized access
20250323	11:19:49	faa404c8-2d55-4b0a-97d8-32afade78a2e	Error! unauthorized access
20250323	11:19:55	2416e0e4-f65c-48eb-9170-ae81d5560216	Error! unauthorized access
20250323	11:19:55	1ff72459-16f2-40c7-adb6-f23d09087bac	Error! unauthorized access
20250323	11:24:57	959fb7e9-d69f-4362-86c8-267688e8fcc7	Error! unauthorized access
20250323	11:24:57	03dc4044-0d72-4501-afc1-45a2766eb5f5	Error! unauthorized access
20250323	11:35:45	d1bce0d9-43d5-49c5-8779-80fdec6bc7ee	read ECONNRESET
20250323	11:35:47	4195a081-c339-401d-b50b-3f73a47aad47	Error! unauthorized access
20250323	11:58:47	07c1b6bc-8fb4-4528-acf4-64e094f71cda	Error! unauthorized access
20250323	11:58:47	16498b57-0e39-4dbf-a65a-6bd1a75ec9ad	Error! unauthorized access
20250323	11:59:21	f30282fa-2957-4a20-8da0-2aa3f6c24d8f	Error! unauthorized access
20250323	11:59:21	5b110025-8e60-4544-b922-5cc624db276c	Error! unauthorized access
20250323	12:00:22	576746b2-2fd6-42fa-bd40-4bad91ed0b06	Error! unauthorized access
20250323	12:00:23	8e1432f9-6934-4ea8-9aca-da4c02a366de	Error! unauthorized access
20250323	12:32:28	5121b024-88b4-45f4-b5d3-a1b246cb61ba	Error! unauthorized access
20250323	12:32:28	a579ac3e-cc2e-4ee7-996b-bc2cbb78d81d	Error! unauthorized access
20250323	12:32:42	2c902927-848c-4cbf-a4ec-70eb44546abd	Error! unauthorized access
20250323	12:32:43	3ab00a61-94c5-4282-abea-3e6c9812b1fe	Error! unauthorized access
20250323	12:33:54	fd7360c9-9766-4254-9166-f3a00195b2e3	Error! unauthorized access
20250323	12:33:54	259469f0-bca5-4986-ad51-18ab3aed2ee3	Error! unauthorized access
20250323	12:36:48	8fa92d03-ba89-44e5-a36e-cea1f2ba3d76	UserId or password invalid
20250323	12:37:39	d8cd19c7-5528-45ea-a9d0-03c7fbd64abf	Error! unauthorized access
20250323	12:37:39	1083221e-35c8-4cb5-85d7-8d0d01388ba0	Error! unauthorized access
20250323	12:39:05	7e0ce32f-cb50-40d9-bbc2-0accd96664d9	Error! unauthorized access
20250323	12:39:05	49dbcdad-0b14-4e92-80e3-2f33cfdcea10	Error! unauthorized access
20250323	12:39:08	770a64f8-c34b-407e-908c-98ce7d533a72	Error! unauthorized access
20250323	12:39:08	02442d4a-58cb-4893-b702-326c8f3300ec	Error! unauthorized access
20250323	12:40:07	304cbf8f-306f-4093-b816-6f542a99685d	Error! unauthorized access
20250323	12:40:10	beab45c2-c56d-49cb-a664-3c8f658b5e1c	Error! unauthorized access
20250323	12:40:11	f96b8260-60cc-40f9-a56f-bb1a0adc86d7	Error! unauthorized access
20250323	12:40:11	84aad4b5-7d87-4fe4-b810-5a015de87096	Error! unauthorized access
20250323	12:40:12	ddb6b79d-9fc7-46d4-b66a-07a4da9c9794	Error! unauthorized access
20250323	12:40:14	fab36cfe-02f0-42ee-8154-2221471d651e	Error! unauthorized access
20250323	12:40:16	7b8a45c1-f3df-417f-a496-937be5bec001	Error! unauthorized access
20250323	12:40:16	4d7b9f2d-6fd6-4b01-9d4a-33447c6317f3	Error! unauthorized access
20250323	12:40:17	78061ea5-ed76-4e1f-b547-a9b62f38a5ed	Error! unauthorized access
20250323	12:43:24	a602c92a-72ca-4dfb-984e-2d0f8792188c	Error! unauthorized access
20250323	12:43:24	5ec6e276-a333-4102-9443-d5c1beda9247	Error! unauthorized access
20250323	12:53:18	361c5039-6e34-4e04-bef0-aea919700d55	Error! unauthorized access
20250323	12:53:18	656cbdc5-3815-4140-ae56-6908614c36b3	Error! unauthorized access
20250323	13:00:59	abd67421-dbb2-4639-a1dc-0a977855c659	Error! unauthorized access
20250323	13:00:59	78787001-cb37-4b91-a0e2-23bb3be12a3b	Error! unauthorized access
20250323	13:01:13	2aeee557-f665-4a07-a75d-320dcd2558fc	Error! unauthorized access
20250323	13:01:13	c30e68b9-b169-4bf3-a579-887e3474a0d5	Error! unauthorized access
20250323	13:01:18	e2f88134-2fd1-4453-9a73-f41a93abecb6	Error! unauthorized access
20250323	13:01:19	a1fc997a-12d4-4f0d-b7b8-e7e28134e93d	Error! unauthorized access
20250323	13:01:23	760d7986-d42a-497d-b1db-2f7601232cea	Error! unauthorized access
20250323	13:01:23	77e64e35-128f-409a-abeb-624815aca02c	Error! unauthorized access
20250323	13:01:26	13142bc3-c186-4d6e-a5a1-a7c4e01bf8ee	Error! unauthorized access
20250323	13:01:27	6cddca27-4bdc-439a-9aaa-04e2587b9437	Error! unauthorized access
20250323	13:01:31	db918554-edd2-4d40-adca-cac35cb0c48c	Error! unauthorized access
20250323	13:01:31	123ba175-5ae7-430d-af6a-cd72e79730fe	Error! unauthorized access
20250323	13:01:34	223147e7-37af-4255-854b-083286235e87	Error! unauthorized access
20250323	13:01:35	5355adaf-f4e5-46ab-b4c7-373508f39f63	Error! unauthorized access
20250323	13:05:05	fb7c0881-1c1f-4c65-a7ff-f1b18335e266	Error! unauthorized access
20250323	13:05:05	56845aae-71f0-4a9b-9178-906e7c0f22a6	Error! unauthorized access
20250323	13:05:15	0c2efc6f-cbca-45de-aa9b-437063752235	Error! unauthorized access
20250323	13:05:42	41a14db9-f442-4b30-96e2-0a5ba626c96c	Error! unauthorized access
20250323	13:05:43	690f2b34-dbf3-4b54-8381-095236a963bf	Error! unauthorized access
20250323	13:07:01	68142201-c416-4b78-8a7d-4d4eaafbd24b	Error! unauthorized access
20250323	13:07:02	6ac0220d-d495-47da-a945-92a1c1b825f5	Error! unauthorized access
20250323	13:08:51	0b569a31-393d-4b2b-89f0-615e93759d7b	Error! unauthorized access
20250323	13:08:51	45e8c2ff-d4d9-4be8-8844-cc4e8ed0535a	Error! unauthorized access
20250323	13:10:05	94e5846d-11a1-4676-a258-d1299e3fec49	Error! unauthorized access
20250323	13:10:09	203c0ed1-6ef0-4e93-bd8b-8826e05aa16a	Error! unauthorized access
20250323	15:19:34	43cb873f-55e3-4c2a-95fe-e7ef49a602d2	user id not found
20250323	15:19:34	ac4ac8b9-606a-470d-8ad5-7b354d7f5c63	user id not found
20250323	15:22:29	7641ebc6-cad8-4468-bbd4-ff162fc1506d	user id not found
20250323	15:22:29	ef7e6c72-5897-4239-ac4d-9fe2c939b323	user id not found
20250323	20:54:37	baaf46b1-124c-400c-a561-7028d5389e61	Error! unauthorized access
20250323	20:54:37	17b35b1b-9193-4509-896d-2791d3a6fe56	Error! unauthorized access
20250323	20:56:20	64f74904-f955-4591-84ac-46c56b33ad3d	Error! unauthorized access
20250323	20:56:21	309d9d1a-7f35-4402-a31b-88dfdbfa3076	Error! unauthorized access
20250323	21:03:50	17634e7d-04a4-4872-925f-3eb9ac0d2999	Error! unauthorized access
20250323	21:03:51	51479085-693b-42ba-b55b-b9d59efd7e5c	Error! unauthorized access
20250323	21:17:03	11c43792-806c-4d0f-be36-3e59d5c01452	Error! unauthorized access
20250323	21:17:03	60ab814c-8553-4e02-9ed9-d653527e9dd8	Error! unauthorized access
20250323	21:21:11	c00c9097-a415-4f6b-9a8d-bb08a5301c6a	Error! unauthorized access
20250323	21:21:11	504289a5-4c5f-45c6-839f-edd9b9302829	Error! unauthorized access
20250323	21:24:13	90d10140-8dcd-4c2a-9f87-d083c778c9d0	Error! unauthorized access
20250323	21:24:13	0b94766a-708c-4d23-a95b-3b8e6884a646	Error! unauthorized access
20250323	21:36:10	b8109c40-636c-4c4d-8159-091a0f974e57	Error! unauthorized access
20250323	21:36:10	a4d01f48-e2b1-43fc-b488-9382259b4f59	Error! unauthorized access
20250323	21:43:11	b88c4178-54a2-46dc-844f-ff86078a98d6	Error! unauthorized access
20250323	21:43:11	e9b8885f-5e42-49b4-aca2-058da102d21a	Error! unauthorized access
20250323	21:44:10	ec80d0cc-924c-4003-9d2c-a4e0b5dc8568	Error! unauthorized access
20250323	21:44:10	1a992f22-1d68-4d1c-ad0a-2fa99da0efdc	Error! unauthorized access
20250323	21:45:09	fe45f463-25b4-4f74-a446-400077a58a54	Error! unauthorized access
20250323	21:45:13	d215679c-f88e-4ced-a6f0-48d063566402	Error! unauthorized access
20250323	21:45:14	60d9e264-73fb-484d-93a9-8d72d31461fb	Error! unauthorized access
20250323	21:48:09	c51afa7e-949e-49c1-b5e4-a8d76c8c9bb7	Error! unauthorized access
20250323	21:48:15	e03c24fa-82ec-4ccc-a1e9-a13fc4243f2e	Error! unauthorized access
20250323	21:48:18	ee1eb735-27e4-4ace-9f9c-bda2aa2ada98	Error! unauthorized access
20250323	21:48:29	00d7b281-2928-4f23-bf2e-2b23634eee58	Error! unauthorized access
20250323	21:48:52	a08c496c-e847-47bb-9754-7d703b2392a6	Error! unauthorized access
20250323	21:48:55	d89a1484-063c-4ff2-bfe6-1ee744e26e58	Error! unauthorized access
20250323	21:48:57	022154f0-0a28-476a-aed4-c0260307787c	Error! unauthorized access
20250323	21:49:06	371c8bfc-6315-4b53-99b7-1508e193b78c	Error! unauthorized access
20250323	21:49:08	2df8f0ff-d39a-46a5-8350-bc5aa97a349c	Error! unauthorized access
20250323	21:49:15	2ddaaf7a-3f32-44b8-b51f-582e6ca58c12	Error! unauthorized access
20250323	22:27:28	48ca425e-41b0-469f-9133-bb2d9deb32f4	Error! unauthorized access
20250323	22:27:28	e20c2c41-4c22-412f-a16a-ad3a015cb53b	Error! unauthorized access
20250323	23:24:02	76fbee3a-8151-4470-abb4-d17ee6d5c323	UserId or password invalid
20250323	23:24:08	7e6cac88-231f-472c-900d-034b06ded249	UserId or password invalid
20250323	23:25:39	40b25b8b-6e0f-44be-925c-2231141c77ab	Error! unauthorized access
20250323	23:25:39	103edb0b-5160-4932-97b2-a84776ac297f	Error! unauthorized access
20250323	23:25:58	1963f8d0-1937-4a7d-8068-e2901cdfb172	Error! unauthorized access
20250323	23:25:58	4b23f4b3-85e3-4874-a692-ee56bb73f6e0	Error! unauthorized access
20250323	23:35:43	c40d5c72-3f3e-4b21-a475-f356111cdf03	Error! unauthorized access
20250323	23:35:50	56acc279-8ccd-40b0-a3a3-e9ed24a19bb2	Error! unauthorized access
20250323	23:36:39	32b1bed9-a89f-48cc-a8d5-5040b8d3e73e	Error! unauthorized access
20250323	23:36:39	079d054f-fe84-431f-a47c-a719aaedd9dc	Error! unauthorized access
20250323	23:36:46	8151172c-56f3-4aac-9fac-e7bb843369fe	Error! unauthorized access
20250323	23:36:54	e1b920db-51f2-4534-a91c-1dc5ed8e14c5	Error! unauthorized access
20250323	23:36:59	2cda4fe3-f5ba-4e40-8071-7cf8011564e5	Error! unauthorized access
20250323	23:37:04	e662bfd7-c9c6-4c38-b1d3-9453d0b16071	Error! unauthorized access
20250323	23:37:24	705b534f-5a3c-44ae-81ac-17ef3c0a20a4	Error! unauthorized access
20250323	23:37:24	2333ad9a-eacb-4af3-82c4-55c9f30b5cf5	Error! unauthorized access
20250323	23:37:36	94ad889f-99e1-4194-bc45-18536524c76d	Error! unauthorized access
20250323	23:37:38	b97c979b-e5f9-41fd-a586-55d6a1190bc8	Error! unauthorized access
20250323	23:37:44	476802f2-e9e3-48b2-afc9-506ecacd9c58	Error! unauthorized access
20250323	23:37:48	0d703316-9aaa-49ea-b350-e8c9bdbd3338	Error! unauthorized access
20250323	23:37:53	2779cac6-6cad-46ad-8581-de3b0ba2eadc	Error! unauthorized access
20250323	23:38:47	5a9cc32d-51cc-4c57-af16-eb9cd5b58f61	Error! unauthorized access
20250323	23:38:49	c9d1f11c-f273-4dda-be00-00498054ce76	Error! unauthorized access
20250323	23:53:32	41b6d513-9d70-4931-94fc-4743807677ca	UserId or password invalid
20250323	23:54:00	e3922ea9-8dbc-4da2-bfa8-78267578f3ec	UserId or password invalid
20250324	00:04:11	e8dc880a-0916-4714-80de-7df02841078e	UserId or password invalid
20250324	00:07:04	2d6af80a-742f-4e76-8b34-0e618b0d3e49	UserId or password invalid
20250324	00:24:15	0a275fb0-3a08-4968-8a93-224b7bb54797	UserId or password invalid
20250324	00:38:05	ac7e6927-41d6-46e7-b4e5-0eaa0a769614	UserId or password invalid
20250324	01:25:49	db6412c9-1d37-41e6-8950-285919f17e5d	user registration fail
20250324	01:26:23	90f19c28-3bd3-48f6-aaa4-ae46f7236444	user registration fail
