20250402	23:29:33	9d890998-ddd3-42a9-a934-abd5385cb20d	GET	/api/v1/users/logout	http://localhost:5173
20250402	23:29:47	14493077-d07c-40e1-b92c-8b97a4db4321	OPTIONS	/api/v1/users/login	http://localhost:5173
20250402	23:29:47	18314edc-ed3d-446a-9139-665187122166	POST	/api/v1/users/login	http://localhost:5173
20250402	23:29:48	96bd50d6-1388-4d4b-a97d-71022a108eb7	GET	/api/v1/users/getUser	http://localhost:5173
20250402	23:29:48	7d9b944e-6ce2-42ff-88cc-42817a34fe8c	OPTIONS	/api/v1/users/getApprovalUser	http://localhost:5173
20250402	23:29:48	7d1d56cf-adb0-4d77-887b-39736669f871	POST	/api/v1/users/getApprovalUser	http://localhost:5173
20250402	23:29:48	137d970f-b981-4a8d-8b9c-1820fd3271ed	GET	/api/v1/sales/getSalesById?userId=ceysaid01	http://localhost:5173
20250402	23:29:48	3d15d91f-fcd3-42af-b6ca-69526b8d2cf9	GET	/api/v1/sales/getSalesById?userId=ceysaid01	http://localhost:5173
20250402	23:29:53	8a1654e1-78be-43bb-b517-44625d070e32	OPTIONS	/api/v1/users/approvalData	http://localhost:5173
20250402	23:29:53	03a0e928-e80e-44b5-8264-41e10f5e7556	OPTIONS	/api/v1/users/getPermUsers	http://localhost:5173
20250402	23:29:53	0d0ac9ae-2345-4643-a8a9-1873e29b19c0	OPTIONS	/api/v1/users/approvalData	http://localhost:5173
20250402	23:29:53	6a2f7f34-556b-4927-876d-34c454dc53dc	OPTIONS	/api/v1/users/getPermUsers	http://localhost:5173
20250402	23:29:53	81ae460d-6a9e-49df-b462-c8b85fad1ce0	POST	/api/v1/users/approvalData	http://localhost:5173
20250402	23:29:53	19dae73e-a15f-44dd-87e7-0c5d3bcd9d7a	POST	/api/v1/users/getPermUsers	http://localhost:5173
20250402	23:29:53	fe2cdc63-4005-4178-8b97-5c1315015fe8	POST	/api/v1/users/approvalData	http://localhost:5173
20250402	23:29:53	945be83c-d962-49f4-94d5-22b8c8d8ddda	POST	/api/v1/users/getPermUsers	http://localhost:5173
20250402	23:29:55	dbc5c609-7393-4780-b65b-14bcc4f95e83	OPTIONS	/api/v1/users/getApprovalUser	http://localhost:5173
20250402	23:29:55	93544f76-c71b-47be-8d0c-5051f3f53ad8	OPTIONS	/api/v1/users/getApprovalUser	http://localhost:5173
20250402	23:29:55	9f8c2be3-677d-42e9-acda-b0ba0c7d7989	POST	/api/v1/users/getApprovalUser	http://localhost:5173
20250402	23:29:55	e17ab124-6ea8-420e-a9c5-003254293456	POST	/api/v1/users/getApprovalUser	http://localhost:5173
20250402	23:29:55	b7201ad1-a0a3-4321-8304-2a41c2795176	GET	//profile/1741510903684.jpg	undefined
20250402	23:29:55	977c93e7-3d4f-4d6e-b9a1-58ec2ff3a3ea	GET	//nic/1741510903691.jpg	undefined
20250402	23:29:55	8f784c58-2d97-46ef-ba2c-8b248bc7f6eb	GET	//Gn/1741510903698.png	undefined
20250402	23:29:55	29dcf708-c48f-4347-9cab-b9ea699bbf23	GET	//la/1741510903695.png	undefined
20250402	23:29:58	5685f69f-e9c5-4010-882a-ff42961d6ce6	POST	/api/v1/users/approvalData	http://localhost:5173
20250402	23:29:58	ea06af78-3431-44d0-b27a-39376eaafe9b	POST	/api/v1/users/approvalData	http://localhost:5173
20250402	23:29:59	eed6ae44-c385-4da6-a2c6-895759ae39bb	POST	/api/v1/users/getApprovalUser	http://localhost:5173
20250402	23:29:59	a0aed9f5-26e8-4b1c-9173-2970d89d4352	POST	/api/v1/users/getApprovalUser	http://localhost:5173
20250402	23:30:00	4f66f8b9-1867-43bc-988c-be6a18dfbd52	GET	//ceysaid01@gmail.com/la/1741455097686.jpg	undefined
20250402	23:30:00	da146d05-b94d-43c4-8345-d80375b0102b	GET	//ceysaid01@gmail.com/nic/1741455097681.jpg	undefined
20250402	23:30:00	ee76e1f1-bef0-42a8-a35c-d36afc654dd5	GET	//ceysaid01@gmail.com/Gn/1741455097690.jpg	undefined
20250402	23:30:02	ee78d7ac-577c-40ea-9c89-3af78d80b19d	OPTIONS	/api/v1/users/approvalData	http://localhost:5173
20250402	23:30:02	84267d84-33e1-4b8d-8d9e-38e79ca59d9c	OPTIONS	/api/v1/users/approvalData	http://localhost:5173
20250402	23:30:02	c915fc37-68df-4561-bee5-16679db80583	POST	/api/v1/users/approvalData	http://localhost:5173
20250402	23:30:02	d9f46d27-2f25-4900-97e4-944420437d36	POST	/api/v1/users/approvalData	http://localhost:5173
20250403	07:30:45	9a054c8a-e354-4a88-a050-f325977baf6c	GET	/api/v1/users/getUser	http://localhost:5173
20250403	07:30:45	7d89cd80-23ef-48ea-839a-451d6ca9529b	GET	/api/v1/users/getUser	http://localhost:5173
20250403	07:30:45	ad87b0d4-d12b-4f3c-be28-aee2cecc7404	OPTIONS	/api/v1/users/getApprovalUser	http://localhost:5173
20250403	07:30:45	61318a77-5e6e-40bf-9dcd-4e2485070d71	POST	/api/v1/users/getApprovalUser	http://localhost:5173
20250403	07:30:46	a407cab0-a069-4cf7-9b3c-be20566affa0	POST	/api/v1/users/getApprovalUser	http://localhost:5173
20250403	07:31:51	4419d04b-24d2-4aa8-91fb-1f4d30501697	OPTIONS	/api/v1/users/login	http://localhost:5173
20250403	07:31:51	2edca24b-85cb-4166-aea4-2fba80759587	POST	/api/v1/users/login	http://localhost:5173
20250403	07:31:52	fd0672a9-b29b-4af0-bb04-9bd59417d188	GET	/api/v1/users/getUser	http://localhost:5173
20250403	07:31:52	5459c2cf-e9d2-4c5b-8fb3-e1ac10b70bbe	OPTIONS	/api/v1/users/getApprovalUser	http://localhost:5173
20250403	07:31:52	d0993948-3e9d-4c15-9985-382bc49156bb	POST	/api/v1/users/getApprovalUser	http://localhost:5173
20250403	07:31:52	24b00ff0-77af-496f-be06-1ae6141b1f81	GET	/api/v1/sales/getSalesById?userId=ceysaid01	http://localhost:5173
20250403	07:31:52	4f4f16f7-b732-4ec7-a809-6bb5e322bdfc	GET	//ceysaid01@gmail.com/profile/1741455097667.jpg	undefined
20250403	07:31:52	76766ddb-5bca-4dd4-acc3-52fe2599456c	GET	/api/v1/sales/getSalesById?userId=ceysaid01	http://localhost:5173
20250403	07:31:55	29c45099-72c0-4db4-8d9e-0a50a25029e0	OPTIONS	/api/v1/users/approvalData	http://localhost:5173
20250403	07:31:55	aee8058c-63e4-4351-a229-b999239015af	OPTIONS	/api/v1/users/getPermUsers	http://localhost:5173
20250403	07:31:55	76f4e6c8-45f2-460a-914d-b0aee1c7b978	OPTIONS	/api/v1/users/getPermUsers	http://localhost:5173
20250403	07:31:55	f8ba52dd-7cba-431f-ba4c-95d6e64e2bf2	OPTIONS	/api/v1/users/approvalData	http://localhost:5173
20250403	07:31:55	8a6aa686-380c-4fdb-b67e-2074ff99d167	POST	/api/v1/users/approvalData	http://localhost:5173
20250403	07:31:55	b4788917-ef9f-4f34-8b1b-49e0471c1ccd	POST	/api/v1/users/getPermUsers	http://localhost:5173
20250403	07:31:55	533153cb-75e4-4cdf-a9d0-9d15cad955dd	POST	/api/v1/users/approvalData	http://localhost:5173
20250403	07:31:55	02f1392d-5619-40f5-8c9e-999a4ec487c3	POST	/api/v1/users/getPermUsers	http://localhost:5173
20250403	07:32:04	c45b6f1e-5c20-4d2e-bfa4-e6f017acf2fb	GET	/api/v1/sales/getSalesById?userId=ceysaid01	http://localhost:5173
20250403	07:32:04	ab8f6b2a-490c-418f-8481-dd653fa326e3	GET	/api/v1/sales/getSalesById?userId=ceysaid01	http://localhost:5173
20250403	07:32:17	1fe200e1-cc8e-4d06-95ff-1ffdfe80ecc1	OPTIONS	/api/v1/users/getPermUsers	http://localhost:5173
20250403	07:32:17	0074154e-2226-41ac-ad69-c61ae21bbb69	OPTIONS	/api/v1/users/approvalData	http://localhost:5173
20250403	07:32:17	d2490a0b-5be9-49a3-b727-96195beb0103	POST	/api/v1/users/getPermUsers	http://localhost:5173
20250403	07:32:17	e45370d4-1c81-44a7-85d1-80d7e47c2909	OPTIONS	/api/v1/users/approvalData	http://localhost:5173
20250403	07:32:17	f56adde5-9fde-4732-a447-2bf93a165afe	OPTIONS	/api/v1/users/getPermUsers	http://localhost:5173
20250403	07:32:17	8220fa00-0e2c-4726-b3fa-7053bf62bce2	POST	/api/v1/users/approvalData	http://localhost:5173
20250403	07:32:17	077d7eee-801d-4c7b-90ea-eb7c15f92496	POST	/api/v1/users/approvalData	http://localhost:5173
20250403	07:32:17	e663ced5-eea2-4fb0-8606-03d82acd10ff	POST	/api/v1/users/getPermUsers	http://localhost:5173
20250403	07:41:04	84125bdc-0cd0-4afc-8d03-816a97bb18b6	OPTIONS	/api/v1/users/getApprovalUser	http://localhost:5173
20250403	07:41:04	524ba1fb-f2dd-4912-86ec-69a3f99ada23	OPTIONS	/api/v1/users/getApprovalUser	http://localhost:5173
20250403	07:41:04	6a30a3f1-1dc2-49bd-a86f-1af53b1bab96	POST	/api/v1/users/getApprovalUser	http://localhost:5173
20250403	07:41:04	411d4e29-7e6b-45a1-8d8c-d3de27b7398d	POST	/api/v1/users/getApprovalUser	http://localhost:5173
20250403	07:41:05	0b651776-29a1-4699-afcb-abe5e04e3a07	GET	//profile/1741507757464.jpg	undefined
20250403	07:41:05	56775db3-65ce-45b6-b256-60b87239ef05	GET	//nic/1741507757486.jpg	undefined
20250403	07:41:05	d896b022-c86d-4f36-bb9b-031b0951a4dd	GET	//Gn/1741507757497.png	undefined
20250403	07:41:05	1fa7e038-5e5e-4a72-ab9f-8eb23dbdbbeb	GET	//la/1741507757492.png	undefined
20250403	07:41:07	82c31e32-b56d-4d79-9b8a-c0275b969314	OPTIONS	/api/v1/users/approvalData	http://localhost:5173
20250403	07:41:07	a73f7bca-e2d5-4310-a069-a93527292e6e	OPTIONS	/api/v1/users/approvalData	http://localhost:5173
20250403	07:41:07	42da654b-1148-4b4b-9cac-a8945e4136fc	POST	/api/v1/users/approvalData	http://localhost:5173
20250403	07:41:07	4c4a3de4-6906-4148-a559-d3b0a3884ee5	POST	/api/v1/users/approvalData	http://localhost:5173
20250403	07:41:09	57f6f55d-6abc-4195-a7f3-b0ad88539d2c	POST	/api/v1/users/getApprovalUser	http://localhost:5173
20250403	07:41:09	8a7ae5ed-0329-40f1-9450-6ef63c121fcd	POST	/api/v1/users/getApprovalUser	http://localhost:5173
20250403	07:41:09	10b134b7-d08a-4121-9494-16a05975c086	GET	//ceysaid04@gmail.com/profile/1741591193250.jpg	undefined
20250403	07:41:09	6b5a28e4-803b-468b-9b1d-940e9ccf8bb3	GET	//ceysaid04@gmail.com/nic/1741591193268.jpg	undefined
20250403	07:41:09	220bba32-3474-4a4b-9dd2-308bae0b9859	GET	//ceysaid04@gmail.com/Gn/1741591193289.png	undefined
20250403	07:41:09	b57ae149-4779-4249-8acb-db7231ae9ffe	GET	//ceysaid04@gmail.com/la/1741591193280.png	undefined
20250403	07:41:11	c7fdd552-378a-435d-bfb7-795e5bf91332	POST	/api/v1/users/approvalData	http://localhost:5173
20250403	07:41:11	f2ed45c8-63cd-4056-916b-c55b405dc1bb	POST	/api/v1/users/approvalData	http://localhost:5173
20250403	07:41:12	6cd6ada1-ba48-424b-89dd-03088d2f883f	OPTIONS	/api/v1/users/getApprovalUser	http://localhost:5173
20250403	07:41:12	394f7e04-cabb-4f8d-9e4a-6340b440d6a2	OPTIONS	/api/v1/users/getApprovalUser	http://localhost:5173
20250403	07:41:12	8c829a5d-b146-49ac-9b07-30ee9f0a8e88	POST	/api/v1/users/getApprovalUser	http://localhost:5173
20250403	07:41:12	b7004d31-9c75-4fd1-a9f8-6dcf79199bc0	POST	/api/v1/users/getApprovalUser	http://localhost:5173
20250403	07:41:12	26ea2d0a-d614-4b82-8572-3e61e4056a39	GET	//ceysaid06@gmail.com/profile/1741894561214.jpg	undefined
20250403	07:41:12	7866e8a7-6beb-409c-9463-49bc6e780641	GET	//ceysaid06@gmail.com/nic/1741894561227.jpg	undefined
20250403	07:41:12	54386163-068c-4cc8-a05c-2d5358eae128	GET	//ceysaid06@gmail.com/Gn/1741894561236.png	undefined
20250403	07:41:12	d92bf45c-8eb0-4c5c-8cb9-4214d494cb00	GET	//ceysaid06@gmail.com/la/1741894561232.png	undefined
20250403	07:41:14	1ca93a65-ee74-4bd0-898b-5a7bd7135c65	OPTIONS	/api/v1/users/approvalData	http://localhost:5173
20250403	07:41:14	fc96d6d9-31ac-4fd5-aa39-4ead8bda18d8	OPTIONS	/api/v1/users/approvalData	http://localhost:5173
20250403	07:41:14	15844b66-765f-4931-8da6-c4a19dca2e4e	POST	/api/v1/users/approvalData	http://localhost:5173
20250403	07:41:14	9a9dddeb-3f2d-4b3f-b7a6-188473a037be	POST	/api/v1/users/approvalData	http://localhost:5173
20250403	08:14:13	0db65552-8a53-424f-a8e1-1ddfdb35462d	OPTIONS	/api/v1/users/register	http://localhost:5173
20250403	08:14:13	dfd8dd63-9092-46ba-b11f-647e49cab3f4	POST	/api/v1/users/register	http://localhost:5173
20250403	08:14:26	d6f4b2f5-55ef-4de0-99dc-612c6fb66a44	GET	/api/v1/users/logout	http://localhost:5173
20250403	08:14:37	2c0d466d-ef06-4b72-a8e6-94f593180fa9	OPTIONS	/api/v1/users/login	http://localhost:5173
20250403	08:14:37	98240fd7-a4ac-4753-aec2-b2dac1ce7024	POST	/api/v1/users/login	http://localhost:5173
20250403	08:14:38	701567e7-6e09-4298-bc39-7972bf4bf87c	GET	/api/v1/users/getUser	http://localhost:5173
20250403	08:14:38	c36b2b5e-ce4b-476e-9815-3d83ba3e905f	GET	/api/v1/users/getTempUser	http://localhost:5173
20250403	08:14:38	968c6fd5-d74a-451c-800e-997d812e5828	GET	/api/v1/users/getTempUser	http://localhost:5173
20250403	08:14:38	7328578b-7769-4cef-95f8-7bd3e78664ac	GET	/api/v1/users/getTempUser	http://localhost:5173
20250403	08:15:40	388d94e4-88e0-492e-b353-9ac5837f803d	POST	/api/v1/users/upload	http://localhost:5173
20250403	08:15:45	e8510814-e7f3-49df-a5fd-fae5e9fb070b	POST	/api/v1/users/upload	http://localhost:5173
20250403	08:15:47	be140692-89ce-4c4d-bfea-f6381ff33f62	POST	/api/v1/users/upload	http://localhost:5173
20250403	08:15:48	0b69b71a-de73-4e3a-9d2d-cb5ecadd5f82	POST	/api/v1/users/upload	http://localhost:5173
20250403	08:15:50	b9660ed9-a396-4e86-9ec8-22f69ff7f455	OPTIONS	/api/v1/users/permenentReg	http://localhost:5173
20250403	08:15:50	292a62f3-f539-4f17-b773-5d1475332dda	POST	/api/v1/users/permenentReg	http://localhost:5173
20250403	08:17:47	7254bd42-f273-4497-b1ed-692285a1af81	GET	/api/v1/users/logout	http://localhost:5173
20250403	08:17:47	0e101016-a174-4018-8ec2-f0a4f6305e8e	GET	/api/v1/users/logout	http://localhost:5173
20250403	08:17:59	4931663b-20cc-405b-b73e-a5b56e85d3de	OPTIONS	/api/v1/users/login	http://localhost:5173
20250403	08:17:59	e0288ca1-db65-4e1c-a422-9f8cc2ab2386	POST	/api/v1/users/login	http://localhost:5173
20250403	08:17:59	c864ac63-346c-4669-b5cd-e911e72b75d1	GET	/api/v1/users/getUser	http://localhost:5173
20250403	08:17:59	92822bb7-e398-4212-823a-182d7df18e22	OPTIONS	/api/v1/users/getApprovalUser	http://localhost:5173
20250403	08:17:59	09d3f82e-71e6-4df5-a66f-4490474e149a	POST	/api/v1/users/getApprovalUser	http://localhost:5173
20250403	08:18:00	33766e96-e2d6-432e-959e-5821e46efa60	GET	/api/v1/sales/getSalesById?userId=ceysaid01	http://localhost:5173
20250403	08:18:00	123e424e-a220-43c8-a23c-a058ffffffa1	GET	//ceysaid01@gmail.com/profile/1741455097667.jpg	undefined
20250403	08:18:00	9bae39a8-c8aa-4d1d-aa35-04041395152c	GET	/api/v1/sales/getSalesById?userId=ceysaid01	http://localhost:5173
20250403	08:18:05	2b018f86-c03e-47b1-834e-25ccec390920	OPTIONS	/api/v1/users/approvalData	http://localhost:5173
20250403	08:18:05	56cae635-0bda-4e80-8e8a-cc9864701ced	OPTIONS	/api/v1/users/approvalData	http://localhost:5173
20250403	08:18:05	625dbd56-266a-487f-ae39-ee5fcd7704c8	OPTIONS	/api/v1/users/getPermUsers	http://localhost:5173
20250403	08:18:05	a0d4d03d-becf-4fc7-85ed-ed3a3fa8db8b	POST	/api/v1/users/approvalData	http://localhost:5173
20250403	08:18:05	b222e088-d288-40bc-b2f4-57ab06fc3db0	OPTIONS	/api/v1/users/getPermUsers	http://localhost:5173
20250403	08:18:05	c1dc541c-bf1e-495a-b3fb-5d5758981854	POST	/api/v1/users/getPermUsers	http://localhost:5173
20250403	08:18:05	cb0d3de1-9c69-44c9-ad94-d1bb3e9e5cc2	POST	/api/v1/users/approvalData	http://localhost:5173
20250403	08:18:05	075a9109-cdc7-4f89-8acb-82be73b128bb	POST	/api/v1/users/getPermUsers	http://localhost:5173
20250403	08:18:09	240f3c7e-4957-4ed6-bd0c-7b29498cf450	OPTIONS	/api/v1/users/getApprovalUser	http://localhost:5173
20250403	08:18:09	d210cf64-074f-4100-b2d9-b246bce6a4c5	OPTIONS	/api/v1/users/getApprovalUser	http://localhost:5173
20250403	08:18:09	f35b11bd-20f9-42a8-be61-2e722c128d7e	POST	/api/v1/users/getApprovalUser	http://localhost:5173
20250403	08:18:09	229e6470-663f-4023-8fd5-5e651c788bb1	POST	/api/v1/users/getApprovalUser	http://localhost:5173
20250403	08:18:09	832a1ce0-5f7c-42cc-bbdd-d63ba1a35382	GET	/https://res.cloudinary.com/dmnfdcls8/image/upload/v1743648344/users/ceysaid51/profile/pka2f2ixcyk2iwrxjqfe.jpg	undefined
20250403	08:18:09	5580be62-6b2f-4c5c-b8d2-dbfd0a631c49	GET	/https://res.cloudinary.com/dmnfdcls8/image/upload/v1743648346/users/ceysaid51/nic/xmnom6v6ze9a8rpcyzdh.jpg	undefined
20250403	08:18:09	5c65a181-ad2d-4820-a863-dcb986cbb632	GET	/https://res.cloudinary.com/dmnfdcls8/image/upload/v1743648349/users/ceysaid51/Gn/sskw0ugitetkxnmcxdlr.jpg	undefined
20250403	08:18:09	71ea9d58-c5cf-4c47-a404-a55d6c3fd887	GET	/https://res.cloudinary.com/dmnfdcls8/image/upload/v1743648348/users/ceysaid51/la/hvjruwn88qcjs48lx29g.jpg	undefined
20250403	08:18:34	1f1ae6d5-d03d-42d0-9b9d-0ca84e0ae596	OPTIONS	/api/v1/users/getPermUsers	http://localhost:5173
20250403	08:18:34	2379eba3-a8ad-4e27-9ca5-14f7367b4ea2	OPTIONS	/api/v1/users/getPermUsers	http://localhost:5173
20250403	08:18:34	8adb2511-d4ec-4862-b9f3-7f95476f1201	POST	/api/v1/users/getPermUsers	http://localhost:5173
20250403	08:18:34	a71d7a06-ee96-43e6-a49d-0e2b12cff261	POST	/api/v1/users/getPermUsers	http://localhost:5173
20250403	08:18:36	cf782746-5461-4fe5-905c-40391ef45bcb	OPTIONS	/api/v1/users/getApprovalUser	http://localhost:5173
20250403	08:18:36	5a132d19-d076-4bbb-b5e1-9e73b32906e3	OPTIONS	/api/v1/users/getApprovalUser	http://localhost:5173
20250403	08:18:36	e9ddf883-3a96-46bd-9fd3-4e1132f86d3e	POST	/api/v1/users/getApprovalUser	http://localhost:5173
20250403	08:18:36	742ba76d-8d39-49f1-874d-d5dc439bf9eb	POST	/api/v1/users/getApprovalUser	http://localhost:5173
20250403	08:18:41	cc5099df-cbe9-4654-aa7a-51b111deff0f	OPTIONS	/api/v1/users/getPermUsers	http://localhost:5173
20250403	08:18:41	01684acb-bdb5-490d-8249-084d2ad36682	OPTIONS	/api/v1/users/getPermUsers	http://localhost:5173
20250403	08:18:41	7dc2710a-3428-476e-b1bc-df44cc26160b	POST	/api/v1/users/getPermUsers	http://localhost:5173
20250403	08:18:41	21c5cec4-b057-442f-b490-1c2dd712a4c6	POST	/api/v1/users/getPermUsers	http://localhost:5173
20250403	08:18:42	84c2f173-c8ee-4632-bf65-97d3679e7699	OPTIONS	/api/v1/users/getApprovalUser	http://localhost:5173
20250403	08:18:42	8a6a0728-0a6b-4b98-a6f3-ce12c1de31e7	OPTIONS	/api/v1/users/getApprovalUser	http://localhost:5173
20250403	08:18:42	17dafd4f-2482-4c51-8ea6-0336a68ae31b	POST	/api/v1/users/getApprovalUser	http://localhost:5173
20250403	08:18:42	9009cef2-b2ad-49e1-b912-6c01a18e32ec	POST	/api/v1/users/getApprovalUser	http://localhost:5173
20250403	08:18:44	99c07b8f-5711-40b3-b438-99ae082b48b1	POST	/api/v1/users/getPermUsers	http://localhost:5173
20250403	08:18:44	e3bcdece-7e5a-4836-a58d-09a7591c1745	POST	/api/v1/users/getPermUsers	http://localhost:5173
20250403	08:18:49	70d3f541-6e85-443c-ae27-b183e6deeb63	GET	/api/v1/users/getUser	http://localhost:5173
20250403	08:18:49	4354daf7-9c7b-43d2-98d3-ddf5e01c3af3	GET	/api/v1/users/getUser	http://localhost:5173
20250403	08:18:49	5ca538f6-e19d-4402-a4b7-767db59d4038	OPTIONS	/api/v1/users/getApprovalUser	http://localhost:5173
20250403	08:18:49	fc918107-65c2-4f31-ae70-6cdb7e2b8833	OPTIONS	/api/v1/users/getApprovalUser	http://localhost:5173
20250403	08:18:49	ef179102-38bb-42bd-9ff6-a5e3b5699aa6	POST	/api/v1/users/getApprovalUser	http://localhost:5173
20250403	08:18:49	885c12c7-40af-4793-840a-7fe00db80040	POST	/api/v1/users/getApprovalUser	http://localhost:5173
20250403	08:19:03	ebfb35cb-e7a1-447c-b4a2-d61b0e16ac0c	GET	//ceysaid01@gmail.com/profile/1741455097667.jpg	undefined
20250403	08:19:03	a9d8222d-de32-40cf-a596-441f9891bd70	GET	/api/v1/sales/getSalesById?userId=ceysaid01	http://localhost:5173
20250403	08:19:03	48b51b1c-9ebc-410d-8be3-206afb4d2aad	GET	/api/v1/sales/getSalesById?userId=ceysaid01	http://localhost:5173
20250403	08:19:09	b1cbbcc5-2ad1-4e67-b188-076b8260a756	OPTIONS	/api/v1/users/approvalData	http://localhost:5173
20250403	08:19:09	835c9ffa-9dd3-4b09-820e-cfd4524e1289	OPTIONS	/api/v1/users/getPermUsers	http://localhost:5173
20250403	08:19:09	777e20cc-b02e-420e-8adc-f684b928d659	POST	/api/v1/users/approvalData	http://localhost:5173
20250403	08:19:09	65141690-3547-44e0-ae35-a5ac8bb79286	OPTIONS	/api/v1/users/approvalData	http://localhost:5173
20250403	08:19:09	5c24732b-ed52-4d34-9f16-27c417a06492	OPTIONS	/api/v1/users/getPermUsers	http://localhost:5173
20250403	08:19:09	b9b30d4b-5109-4510-b96b-fa911cf74ee2	POST	/api/v1/users/getPermUsers	http://localhost:5173
20250403	08:19:09	7bc148f4-026a-49bd-b236-d662102e1139	POST	/api/v1/users/approvalData	http://localhost:5173
20250403	08:19:09	efd3a77c-eb32-44c8-b794-385d694fd3dd	POST	/api/v1/users/getPermUsers	http://localhost:5173
20250403	08:19:11	98d3b470-3b1a-497d-9e99-cc4d7e17a37b	OPTIONS	/api/v1/users/getApprovalUser	http://localhost:5173
20250403	08:19:11	39bd28d4-71eb-418d-bb3d-5cf88b2fceba	OPTIONS	/api/v1/users/getApprovalUser	http://localhost:5173
20250403	08:19:11	c5c5bb48-e205-4a16-a06e-3e9173620220	POST	/api/v1/users/getApprovalUser	http://localhost:5173
20250403	08:19:11	10663f7e-c322-4e18-8905-ecc4ad8b1bdb	POST	/api/v1/users/getApprovalUser	http://localhost:5173
20250403	08:19:11	c53bf77d-4e3f-499e-b5b6-f6b8f9b60bae	GET	//ceysaid34/profile/1743363642573.jpg	undefined
20250403	08:19:11	52ff041b-e4b0-4d2b-801d-2b05f9497ee7	GET	//ceysaid34/nic/1743363642585.jpg	undefined
20250403	08:19:11	f17883d5-1b3a-46b2-9b2f-21585aa63fdf	GET	//ceysaid34/Gn/1743363642593.png	undefined
20250403	08:19:11	be9577e9-d2b4-4783-81ab-d5bc24a94df1	GET	//ceysaid34/la/1743363642590.png	undefined
20250403	08:19:15	a72cbb79-562e-4bdf-b9ab-0d29f1738b45	OPTIONS	/api/v1/users/getPermUsers	http://localhost:5173
20250403	08:19:15	bf200229-7741-46ef-b973-30728367a59a	OPTIONS	/api/v1/users/getPermUsers	http://localhost:5173
20250403	08:19:15	c18ce500-cd83-413a-9116-de6d55f01c72	POST	/api/v1/users/getPermUsers	http://localhost:5173
20250403	08:19:15	b331bbbf-4198-4b8b-8608-f9cba155181f	POST	/api/v1/users/getPermUsers	http://localhost:5173
20250403	08:19:16	3ea9553a-4745-4455-b85b-564a83946693	POST	/api/v1/users/getApprovalUser	http://localhost:5173
20250403	08:19:16	5359ad82-24fc-4369-8682-51dc5b88c69d	POST	/api/v1/users/getApprovalUser	http://localhost:5173
20250403	08:19:16	da9579ee-9781-4b08-9fd3-cdf53bee1ded	GET	/https://res.cloudinary.com/dmnfdcls8/image/upload/v1743648344/users/ceysaid51/profile/pka2f2ixcyk2iwrxjqfe.jpg	undefined
20250403	08:19:16	f63aa374-a8b9-43ee-a95e-a1502b0500b1	GET	/https://res.cloudinary.com/dmnfdcls8/image/upload/v1743648346/users/ceysaid51/nic/xmnom6v6ze9a8rpcyzdh.jpg	undefined
20250403	08:19:16	1cbcbaba-60ec-4c1c-9c6c-249ed927380e	GET	/https://res.cloudinary.com/dmnfdcls8/image/upload/v1743648349/users/ceysaid51/Gn/sskw0ugitetkxnmcxdlr.jpg	undefined
20250403	08:19:16	058637ee-7535-4441-b231-f9e17af81fdb	GET	/https://res.cloudinary.com/dmnfdcls8/image/upload/v1743648348/users/ceysaid51/la/hvjruwn88qcjs48lx29g.jpg	undefined
20250403	08:24:02	bda8d2c7-c6e0-4a85-bd64-1e1641eba617	GET	/api/v1/users/getUser	http://localhost:5173
20250403	08:24:02	f83dec14-9f4b-465a-ab82-fa49928cc5e4	GET	/api/v1/users/getUser	http://localhost:5173
20250403	08:24:03	36286b02-704a-42a6-bc81-8bb4cb06fb85	OPTIONS	/api/v1/users/getApprovalUser	http://localhost:5173
20250403	08:24:03	e12c7536-702a-4fe7-a074-a54cfb6985b8	OPTIONS	/api/v1/users/getApprovalUser	http://localhost:5173
20250403	08:24:03	3531709a-0781-4521-bd39-11e00692a17c	POST	/api/v1/users/getApprovalUser	http://localhost:5173
20250403	08:24:03	9988da75-4c34-48ad-be8f-204d42c97a02	POST	/api/v1/users/getApprovalUser	http://localhost:5173
20250403	08:24:03	30497138-aa1d-4021-a30e-121a7f89e645	GET	//ceysaid01@gmail.com/profile/1741455097667.jpg	undefined
20250403	08:24:03	91bcda5b-75db-4f67-a9af-aa27b4f08637	GET	/api/v1/sales/getSalesById?userId=ceysaid01	http://localhost:5173
20250403	08:24:03	119bf541-a8e0-4f11-bbaf-cc46d4103a5e	GET	/api/v1/sales/getSalesById?userId=ceysaid01	http://localhost:5173
20250403	08:24:05	6bf660ed-4db9-4c40-870e-61d7b1192ce5	GET	/api/v1/users/getUser	http://localhost:5173
20250403	08:24:05	b86a744f-5b2e-4348-a026-380ba6de60a4	GET	/api/v1/users/getUser	http://localhost:5173
20250403	08:24:06	9972b421-d63c-44f7-be0d-a9fd2f2e602a	POST	/api/v1/users/getApprovalUser	http://localhost:5173
20250403	08:24:06	5bacd56f-e586-4470-aa54-740970e0b8bb	POST	/api/v1/users/getApprovalUser	http://localhost:5173
20250403	08:24:06	e8eaf446-7ea4-4be3-98f9-3b9c9a84cfcb	GET	//ceysaid01@gmail.com/profile/1741455097667.jpg	undefined
20250403	08:24:06	9349ea72-fbeb-41db-8f99-ed0ea6bf4221	GET	/api/v1/sales/getSalesById?userId=ceysaid01	http://localhost:5173
20250403	08:24:07	dde9d6c7-dc94-4bc5-9d35-d8377ce3c92a	GET	/api/v1/users/getUser	http://localhost:5173
20250403	08:24:07	7fbe8f2c-876a-4584-9aa2-d58d5fa39034	GET	/api/v1/users/getUser	http://localhost:5173
20250403	08:24:07	4a6b6790-72dd-4bbf-9f58-b9b97d987f98	POST	/api/v1/users/getApprovalUser	http://localhost:5173
20250403	08:24:07	88e657ce-b406-42a9-b9f5-d9282ddac71c	POST	/api/v1/users/getApprovalUser	http://localhost:5173
20250403	08:24:08	95bd162c-37c7-49ad-a815-585fe95e1e6e	GET	//ceysaid01@gmail.com/profile/1741455097667.jpg	undefined
20250403	08:24:08	3e2e2116-94ce-4a5b-8b1a-65b32876473a	GET	/api/v1/sales/getSalesById?userId=ceysaid01	http://localhost:5173
20250403	08:24:08	489dbfa0-b681-4fde-8453-e5d9ad0361d5	GET	/api/v1/sales/getSalesById?userId=ceysaid01	http://localhost:5173
20250403	08:24:16	828880ce-ebc8-44b3-8f34-8115a287e710	GET	/api/v1/users/getUser	http://localhost:5173
20250403	08:24:16	dc15df9b-edeb-4ecb-b722-e35e9fa72d74	GET	/api/v1/users/getUser	http://localhost:5173
20250403	08:24:17	73617cd7-9cdd-4090-9d91-cec894515820	OPTIONS	/api/v1/users/getApprovalUser	http://localhost:5173
20250403	08:24:17	38b7b86f-2e55-4c03-a3ac-1686781d6e00	OPTIONS	/api/v1/users/getApprovalUser	http://localhost:5173
20250403	08:24:17	6e2076f6-2551-4bba-8b87-963b5e844534	POST	/api/v1/users/getApprovalUser	http://localhost:5173
20250403	08:24:17	1ce511ff-c26f-4658-aeee-7cc1c8585dd2	POST	/api/v1/users/getApprovalUser	http://localhost:5173
20250403	08:24:17	5647025d-6039-4f05-92dd-19a33a2ab87e	GET	//ceysaid01@gmail.com/profile/1741455097667.jpg	undefined
20250403	08:24:17	3c04e9a3-82f2-4729-9ebe-388a31d2ba16	GET	/api/v1/sales/getSalesById?userId=ceysaid01	http://localhost:5173
20250403	08:24:17	a1dbd1a6-faab-4592-af91-6c4b5d2dde7a	GET	/api/v1/sales/getSalesById?userId=ceysaid01	http://localhost:5173
20250403	08:24:44	3038d3e6-6ba4-4922-bc98-25971b72a660	GET	/api/v1/users/getUser	http://localhost:5173
20250403	08:24:44	77e9cb4e-1f3d-47d4-a8d2-129c0837f488	GET	/api/v1/users/getUser	http://localhost:5173
20250403	08:24:44	8d853670-0080-450b-b1e5-772de92ef232	OPTIONS	/api/v1/users/getApprovalUser	http://localhost:5173
20250403	08:24:44	a6207fe1-ba05-4ba3-8001-f84e881f9154	OPTIONS	/api/v1/users/getApprovalUser	http://localhost:5173
20250403	08:24:44	0720f85f-a13b-4e3f-9fe1-890d62cb0002	POST	/api/v1/users/getApprovalUser	http://localhost:5173
20250403	08:24:44	31416817-eabf-4d18-841a-f6e14488a82a	POST	/api/v1/users/getApprovalUser	http://localhost:5173
20250403	08:24:45	57a3dead-9e41-4440-9c43-78715e3f109c	GET	//ceysaid01@gmail.com/profile/1741455097667.jpg	undefined
20250403	08:24:45	953801bc-8012-4300-9dbe-e32aea0d43e8	GET	/api/v1/sales/getSalesById?userId=ceysaid01	http://localhost:5173
20250403	08:24:45	6cc3ea2e-18d5-4a39-80ac-81720d15db55	GET	/api/v1/sales/getSalesById?userId=ceysaid01	http://localhost:5173
20250403	08:25:56	de82b4e7-43b1-4054-969d-2520f540724b	GET	/api/v1/users/getUser	http://localhost:5173
20250403	08:25:56	06d26224-d85d-4857-a5df-634032d9fdf0	GET	/api/v1/users/getUser	http://localhost:5173
20250403	08:25:57	26e328bc-e1de-4b2c-8b57-5794148c92df	OPTIONS	/api/v1/users/getApprovalUser	http://localhost:5173
20250403	08:25:57	5c78f169-8470-4ef6-873d-f2eb9bde8062	OPTIONS	/api/v1/users/getApprovalUser	http://localhost:5173
20250403	08:25:57	345c01c1-0a66-4fd3-86d2-77bab4e58d85	POST	/api/v1/users/getApprovalUser	http://localhost:5173
20250403	08:25:57	6b00483d-93af-474a-bc4b-7798992872fb	POST	/api/v1/users/getApprovalUser	http://localhost:5173
20250403	08:25:57	d0b9e834-3645-462e-83d2-154e77371873	GET	//ceysaid01@gmail.com/profile/1741455097667.jpg	undefined
20250403	08:25:57	81c855f1-367b-4dbe-9af4-3297258a4534	GET	/api/v1/sales/getSalesById?userId=ceysaid01	http://localhost:5173
20250403	08:25:58	0ddcf55e-ea59-40a2-bced-469afc72cf11	GET	/api/v1/sales/getSalesById?userId=ceysaid01	http://localhost:5173
20250403	08:26:42	0c1fa8ca-2cce-480b-b622-6ea21e635847	OPTIONS	/api/v1/users/approvalData	http://localhost:5173
20250403	08:26:42	93698765-a6d1-49a9-8c77-63e4b9af9a7d	OPTIONS	/api/v1/users/getPermUsers	http://localhost:5173
20250403	08:26:42	89386133-f65f-4d59-8f96-aa95c5f7cb6c	OPTIONS	/api/v1/users/approvalData	http://localhost:5173
20250403	08:26:42	f503fac0-b6fc-48a7-a59e-a0c91a340d30	POST	/api/v1/users/approvalData	http://localhost:5173
20250403	08:26:42	f4d0d53d-5867-4d6a-9a84-dade4ec3038d	OPTIONS	/api/v1/users/getPermUsers	http://localhost:5173
20250403	08:26:42	59ca723d-e978-436d-9ae4-7f435b9f2eac	POST	/api/v1/users/getPermUsers	http://localhost:5173
20250403	08:26:42	54dbb2b3-af9b-4100-9d35-05715d52c30a	POST	/api/v1/users/approvalData	http://localhost:5173
20250403	08:26:42	c9072845-8fea-4a06-9a0c-17f29f9c1e4a	POST	/api/v1/users/getPermUsers	http://localhost:5173
20250403	08:26:44	c3610632-f96f-457e-8531-428c7c1394d9	OPTIONS	/api/v1/users/getApprovalUser	http://localhost:5173
20250403	08:26:44	e21eeb62-4da1-41a3-aa79-89fede96c96a	OPTIONS	/api/v1/users/getApprovalUser	http://localhost:5173
20250403	08:26:44	b631aede-a6e8-4ae3-bb86-6bba8ed54cda	POST	/api/v1/users/getApprovalUser	http://localhost:5173
20250403	08:26:44	ee3bcbf1-290b-46f1-a1a2-4c65c8b5f8ea	POST	/api/v1/users/getApprovalUser	http://localhost:5173
20250403	08:26:44	22a9841f-1466-4d4c-a7af-14c86666c1a0	GET	//ceysaid34/la/1743363642590.png	undefined
20250403	08:26:44	4acb332c-65b6-4aff-9da4-d58dcfcae264	GET	//ceysaid34/nic/1743363642585.jpg	undefined
20250403	08:26:44	3265021d-1128-44da-87a3-622d9693d999	GET	//ceysaid34/Gn/1743363642593.png	undefined
20250403	08:26:51	bb67a305-615c-410b-819c-d8c72bd0a286	OPTIONS	/api/v1/users/getPermUsers	http://localhost:5173
20250403	08:26:51	9da72dde-189e-4cac-a98c-9bcf0fc63205	OPTIONS	/api/v1/users/getPermUsers	http://localhost:5173
20250403	08:26:51	1407e6f9-b24b-434b-92f6-0c81936f4c75	POST	/api/v1/users/getPermUsers	http://localhost:5173
20250403	08:26:51	339b3210-3908-4cf2-b518-fee1d19f0a8b	POST	/api/v1/users/getPermUsers	http://localhost:5173
20250403	08:26:52	b92165da-25c7-4a97-8a1a-e49dd9772bd8	OPTIONS	/api/v1/users/getApprovalUser	http://localhost:5173
20250403	08:26:52	39b28b14-daf0-44f5-b0ac-cf621c44629d	OPTIONS	/api/v1/users/getApprovalUser	http://localhost:5173
20250403	08:26:52	c2cb2fee-c2d8-49c2-97df-7eeb01018c58	POST	/api/v1/users/getApprovalUser	http://localhost:5173
20250403	08:26:52	a86e7f8b-e91d-4bca-9d34-22cb66df99f4	POST	/api/v1/users/getApprovalUser	http://localhost:5173
20250403	08:26:52	69946881-7f03-4766-a960-5d06093c873b	GET	/https://res.cloudinary.com/dmnfdcls8/image/upload/v1743648346/users/ceysaid51/nic/xmnom6v6ze9a8rpcyzdh.jpg	undefined
20250403	08:26:52	e98c920d-6656-4ef9-8c79-01a540ea614e	GET	/https://res.cloudinary.com/dmnfdcls8/image/upload/v1743648349/users/ceysaid51/Gn/sskw0ugitetkxnmcxdlr.jpg	undefined
20250403	08:26:52	10eadb37-fafa-4cf4-9602-76376a468a5d	GET	/https://res.cloudinary.com/dmnfdcls8/image/upload/v1743648348/users/ceysaid51/la/hvjruwn88qcjs48lx29g.jpg	undefined
20250403	08:27:33	84b51c09-fcfb-44a8-b0f3-fd2998feafe4	OPTIONS	/api/v1/users/getApprovalUser	http://localhost:5173
20250403	08:27:33	648c5037-18cc-4a3f-b35a-5a1c9bc600ea	POST	/api/v1/users/getApprovalUser	http://localhost:5173
20250403	08:27:38	7844607e-d8b9-41ce-b700-c79c0d41102d	POST	/api/v1/users/getApprovalUser	http://localhost:5173
20250403	08:27:45	ad0b8e23-c09b-4ef1-84cb-cf1387cf951a	OPTIONS	/api/v1/users/getApprovalUser	http://localhost:5173
20250403	08:27:45	3e32a0ab-ab47-422d-afd8-0df44ea9b6b4	POST	/api/v1/users/getApprovalUser	http://localhost:5173
20250403	08:28:02	e47402cb-d8a4-4b4f-9266-2bb0e1b749c9	OPTIONS	/api/v1/users/getApprovalUser	http://localhost:5173
20250403	08:28:02	8fddb0d7-3366-49b2-9961-a4ebafcb8d28	POST	/api/v1/users/getApprovalUser	http://localhost:5173
20250403	08:28:27	35480ef2-1151-4988-b197-0d752008da70	GET	/https://res.cloudinary.com/dmnfdcls8/image/upload/v1743648344/users/ceysaid51/profile/pka2f2ixcyk2iwrxjqfe.jpg	undefined
20250403	08:28:36	ffcc4c5c-1892-4bae-b7f6-dfceda440194	OPTIONS	/api/v1/users/getApprovalUser	http://localhost:5173
20250403	08:28:36	11392889-b179-4f36-9ec0-370d1ba0c098	POST	/api/v1/users/getApprovalUser	http://localhost:5173
20250403	08:28:41	6b5b7869-4937-4ec9-a62c-b5f5d74e8e6c	OPTIONS	/api/v1/users/getApprovalUser	http://localhost:5173
20250403	08:28:41	16ba760b-2c6d-4362-b763-3045c309ce60	POST	/api/v1/users/getApprovalUser	http://localhost:5173
20250403	08:28:59	5392e973-743b-4453-9e46-70c5c8002077	OPTIONS	/api/v1/users/getApprovalUser	http://localhost:5173
20250403	08:28:59	4016ba75-0750-4c1e-b841-38c865ac5f68	POST	/api/v1/users/getApprovalUser	http://localhost:5173
20250403	08:29:03	351b5c1b-517c-47b4-960a-a76189970233	OPTIONS	/api/v1/users/getPermUsers	http://localhost:5173
20250403	08:29:03	41c7d631-8519-49ad-8223-9b9d70ff354f	OPTIONS	/api/v1/users/getPermUsers	http://localhost:5173
20250403	08:29:03	45584993-6646-4045-885a-f623c4570686	POST	/api/v1/users/getPermUsers	http://localhost:5173
20250403	08:29:03	f649ff7c-804d-4cce-a3ec-d67cc3786a83	POST	/api/v1/users/getPermUsers	http://localhost:5173
20250403	08:29:05	dc9f7a5b-9f07-4087-9629-a449f232d746	OPTIONS	/api/v1/users/getApprovalUser	http://localhost:5173
20250403	08:29:05	cf2422ed-3ef4-45ee-b36e-3a32217bfc0f	OPTIONS	/api/v1/users/getApprovalUser	http://localhost:5173
20250403	08:29:05	48ee7566-379a-41e6-8a25-04ec789206b8	POST	/api/v1/users/getApprovalUser	http://localhost:5173
20250403	08:29:05	b50d91f8-548a-4946-ba24-ef238edbc0f0	POST	/api/v1/users/getApprovalUser	http://localhost:5173
20250403	08:29:07	0e2053e4-a91f-4219-8a26-ff1b1f6f8079	POST	/api/v1/users/getPermUsers	http://localhost:5173
20250403	08:29:07	183e9053-cb14-41e7-8e65-10e27e9520ef	POST	/api/v1/users/getPermUsers	http://localhost:5173
20250403	08:29:09	992a1b99-4b45-4126-8ce9-30fbf7745860	POST	/api/v1/users/getApprovalUser	http://localhost:5173
20250403	08:29:09	1fd315be-0efc-448b-be6e-0d8b7dcb0899	POST	/api/v1/users/getApprovalUser	http://localhost:5173
20250403	08:32:23	dd53fae2-cdb0-4273-88d0-57c7e7ba8ecd	OPTIONS	/api/v1/users/registerPerm	http://localhost:5173
20250403	08:32:23	6e598267-22db-4115-abed-3c2cd3e6fe3f	POST	/api/v1/users/registerPerm	http://localhost:5173
20250403	08:32:23	0744be56-5440-45a3-9dc7-d6748d1ba3f8	OPTIONS	/api/v1/users/getPermUsers	http://localhost:5173
20250403	08:32:23	bb64cbbf-20d1-4755-8c07-b60d7514a6e3	OPTIONS	/api/v1/users/getPermUsers	http://localhost:5173
20250403	08:32:23	72947dbc-944f-4a7c-a294-9f6f55ec0bf2	POST	/api/v1/users/getPermUsers	http://localhost:5173
20250403	08:32:23	87c39e26-046f-4fd8-b62f-9a30b53b010e	POST	/api/v1/users/getPermUsers	http://localhost:5173
20250403	08:32:23	a2b8bbcc-074b-4654-80ef-fe03b77b037b	OPTIONS	/api/v1/users/approvalData	http://localhost:5173
20250403	08:32:23	647b6fb5-d3e3-40fc-8d56-ab762822d7f2	POST	/api/v1/users/getPermUsers	http://localhost:5173
20250403	08:32:23	c00fc94b-892d-4c5d-b282-9e74e3b2f93d	POST	/api/v1/users/approvalData	http://localhost:5173
20250403	08:32:34	8608957a-3d62-4a64-a8f8-aa8cc6f9abc0	GET	/api/v1/users/logout	http://localhost:5173
20250403	08:32:34	d97895a8-a0f8-495b-867c-c60c63174620	GET	/api/v1/users/logout	http://localhost:5173
20250403	08:32:46	f55d0612-3353-4fd3-a74d-808a7f1bd22a	OPTIONS	/api/v1/users/login	http://localhost:5173
20250403	08:32:46	d9968926-26de-4237-be63-889dd94aed49	POST	/api/v1/users/login	http://localhost:5173
20250403	08:32:46	97137db7-ec2b-429e-8058-8e759e402276	GET	/api/v1/users/getUser	http://localhost:5173
20250403	08:32:46	027e0ca9-ce4c-46e9-882b-08ed3c89b117	OPTIONS	/api/v1/users/getApprovalUser	http://localhost:5173
20250403	08:32:46	cf34b7f2-19dc-4d26-b15a-527330279359	POST	/api/v1/users/getApprovalUser	http://localhost:5173
20250403	08:32:46	2aacb8ae-c264-48b2-a164-e0796ff7ec4c	GET	/api/v1/sales/getSalesById?userId=ceysaid01	http://localhost:5173
20250403	08:32:46	11145dd7-7cc6-4b96-9abf-08b9e9b7d319	GET	/api/v1/sales/getSalesById?userId=ceysaid01	http://localhost:5173
20250403	08:32:57	685ab4df-08a3-445e-81d7-90c3eed0422c	GET	/api/v1/sales/getSalesById?userId=ceysaid01	http://localhost:5173
20250403	08:32:58	9c3b2e44-5b8c-438c-83e3-8a411564ef7d	GET	/api/v1/sales/getSalesById?userId=ceysaid01	http://localhost:5173
20250403	08:33:10	7068dec8-4782-4f70-b7cd-b0417604ff57	GET	/https://res.cloudinary.com/dmnfdcls8/image/upload/v1743648344/users/ceysaid51/profile/pka2f2ixcyk2iwrxjqfe.jpg	undefined
20250403	08:37:28	3a8c8aa8-9eac-4727-9388-0704a66d90ea	GET	/api/v1/sales/getSalesById?userId=ceysaid01	http://localhost:5173
20250403	08:37:28	e32477cf-9ac9-4ac8-935a-6d9b8b1851d3	GET	/api/v1/sales/getSalesById?userId=ceysaid01	http://localhost:5173
